app/build/intermediates/manifest_merge_blame_file/debug/manifest-merger-blame-debug-report.txt
1<?xml version="1.0" encoding="utf-8"?>
2<manifest xmlns:android="http://schemas.android.com/apk/res/android"
3    package="com.vdkolekar.bluetoothremote"
4    android:versionCode="1"
5    android:versionName="1.0" >
6
7    <uses-sdk
8        android:minSdkVersion="28"
9        android:targetSdkVersion="34" />
10
11    <!-- Legacy Bluetooth Permissions (Android 11 and below) -->
12    <uses-permission
12-->src\main\AndroidManifest.xml:6:5-95
13        android:name="android.permission.BLUETOOTH"
13-->src\main\AndroidManifest.xml:6:22-65
14        android:maxSdkVersion="30" />
14-->src\main\AndroidManifest.xml:6:66-92
15    <uses-permission
15-->src\main\AndroidManifest.xml:7:5-101
16        android:name="android.permission.BLUETOOTH_ADMIN"
16-->src\main\AndroidManifest.xml:7:22-71
17        android:maxSdkVersion="30" />
17-->src\main\AndroidManifest.xml:7:72-98
18    <uses-permission android:name="android.permission.ACCESS_FINE_LOCATION" />
18-->src\main\AndroidManifest.xml:8:5-79
18-->src\main\AndroidManifest.xml:8:22-76
19    <uses-permission android:name="android.permission.ACCESS_COARSE_LOCATION" />
19-->src\main\AndroidManifest.xml:9:5-81
19-->src\main\AndroidManifest.xml:9:22-78
20
21    <!-- Modern Bluetooth Permissions (Android 12+) -->
22    <!-- Needed to connect to an already paired device. -->
23    <uses-permission android:name="android.permission.BLUETOOTH_CONNECT" />
23-->src\main\AndroidManifest.xml:13:5-76
23-->src\main\AndroidManifest.xml:13:22-73
24    <!-- Needed to scan for nearby devices to pair. -->
25    <uses-permission android:name="android.permission.BLUETOOTH_SCAN" />
25-->src\main\AndroidManifest.xml:15:5-73
25-->src\main\AndroidManifest.xml:15:22-70
26    <!-- Needed to advertise as a peripheral (HID Device). -->
27    <uses-permission android:name="android.permission.BLUETOOTH_ADVERTISE" />
27-->src\main\AndroidManifest.xml:17:5-78
27-->src\main\AndroidManifest.xml:17:22-75
28    <!-- Often needed for Bluetooth discovery -->
29    <uses-permission android:name="android.permission.ACCESS_FINE_LOCATION" />
29-->src\main\AndroidManifest.xml:8:5-79
29-->src\main\AndroidManifest.xml:8:22-76
30
31    <permission
31-->[androidx.core:core:1.12.0] AndroidManifest.xml:22:5-24:47
32        android:name="com.vdkolekar.bluetoothremote.DYNAMIC_RECEIVER_NOT_EXPORTED_PERMISSION"
32-->[androidx.core:core:1.12.0] AndroidManifest.xml:23:9-81
33        android:protectionLevel="signature" />
33-->[androidx.core:core:1.12.0] AndroidManifest.xml:24:9-44
34
35    <uses-permission android:name="com.vdkolekar.bluetoothremote.DYNAMIC_RECEIVER_NOT_EXPORTED_PERMISSION" />
35-->[androidx.core:core:1.12.0] AndroidManifest.xml:26:5-97
35-->[androidx.core:core:1.12.0] AndroidManifest.xml:26:22-94
36
37    <application
37-->src\main\AndroidManifest.xml:21:5-42:19
38        android:allowBackup="true"
38-->src\main\AndroidManifest.xml:22:9-35
39        android:appComponentFactory="androidx.core.app.CoreComponentFactory"
39-->[androidx.core:core:1.12.0] AndroidManifest.xml:28:18-86
40        android:dataExtractionRules="@xml/data_extraction_rules"
40-->src\main\AndroidManifest.xml:23:9-65
41        android:debuggable="true"
42        android:extractNativeLibs="false"
43        android:fullBackupContent="@xml/backup_rules"
43-->src\main\AndroidManifest.xml:24:9-54
44        android:icon="@drawable/app_logo"
44-->src\main\AndroidManifest.xml:25:9-42
45        android:label="@string/app_name"
45-->src\main\AndroidManifest.xml:27:9-41
46        android:roundIcon="@drawable/app_logo"
46-->src\main\AndroidManifest.xml:26:9-47
47        android:supportsRtl="true"
47-->src\main\AndroidManifest.xml:28:9-35
48        android:theme="@style/Theme.BluetoothRemote" >
48-->src\main\AndroidManifest.xml:29:9-53
49        <activity
49-->src\main\AndroidManifest.xml:32:9-41:20
50            android:name="com.vdkolekar.bluetoothremote.MainActivity"
50-->src\main\AndroidManifest.xml:33:13-41
51            android:exported="true"
51-->src\main\AndroidManifest.xml:34:13-36
52            android:label="@string/app_name"
52-->src\main\AndroidManifest.xml:35:13-45
53            android:theme="@style/Theme.BluetoothRemote" >
53-->src\main\AndroidManifest.xml:36:13-57
54            <intent-filter>
54-->src\main\AndroidManifest.xml:37:13-40:29
55                <action android:name="android.intent.action.MAIN" />
55-->src\main\AndroidManifest.xml:38:17-69
55-->src\main\AndroidManifest.xml:38:25-66
56
57                <category android:name="android.intent.category.LAUNCHER" />
57-->src\main\AndroidManifest.xml:39:17-77
57-->src\main\AndroidManifest.xml:39:27-74
58            </intent-filter>
59        </activity>
60
61        <provider
61-->[androidx.emoji2:emoji2:1.4.0] AndroidManifest.xml:24:9-32:20
62            android:name="androidx.startup.InitializationProvider"
62-->[androidx.emoji2:emoji2:1.4.0] AndroidManifest.xml:25:13-67
63            android:authorities="com.vdkolekar.bluetoothremote.androidx-startup"
63-->[androidx.emoji2:emoji2:1.4.0] AndroidManifest.xml:26:13-68
64            android:exported="false" >
64-->[androidx.emoji2:emoji2:1.4.0] AndroidManifest.xml:27:13-37
65            <meta-data
65-->[androidx.emoji2:emoji2:1.4.0] AndroidManifest.xml:29:13-31:52
66                android:name="androidx.emoji2.text.EmojiCompatInitializer"
66-->[androidx.emoji2:emoji2:1.4.0] AndroidManifest.xml:30:17-75
67                android:value="androidx.startup" />
67-->[androidx.emoji2:emoji2:1.4.0] AndroidManifest.xml:31:17-49
68            <meta-data
68-->[androidx.lifecycle:lifecycle-process:2.6.2] AndroidManifest.xml:29:13-31:52
69                android:name="androidx.lifecycle.ProcessLifecycleInitializer"
69-->[androidx.lifecycle:lifecycle-process:2.6.2] AndroidManifest.xml:30:17-78
70                android:value="androidx.startup" />
70-->[androidx.lifecycle:lifecycle-process:2.6.2] AndroidManifest.xml:31:17-49
71            <meta-data
71-->[androidx.profileinstaller:profileinstaller:1.3.0] AndroidManifest.xml:29:13-31:52
72                android:name="androidx.profileinstaller.ProfileInstallerInitializer"
72-->[androidx.profileinstaller:profileinstaller:1.3.0] AndroidManifest.xml:30:17-85
73                android:value="androidx.startup" />
73-->[androidx.profileinstaller:profileinstaller:1.3.0] AndroidManifest.xml:31:17-49
74        </provider>
75
76        <receiver
76-->[androidx.profileinstaller:profileinstaller:1.3.0] AndroidManifest.xml:34:9-52:20
77            android:name="androidx.profileinstaller.ProfileInstallReceiver"
77-->[androidx.profileinstaller:profileinstaller:1.3.0] AndroidManifest.xml:35:13-76
78            android:directBootAware="false"
78-->[androidx.profileinstaller:profileinstaller:1.3.0] AndroidManifest.xml:36:13-44
79            android:enabled="true"
79-->[androidx.profileinstaller:profileinstaller:1.3.0] AndroidManifest.xml:37:13-35
80            android:exported="true"
80-->[androidx.profileinstaller:profileinstaller:1.3.0] AndroidManifest.xml:38:13-36
81            android:permission="android.permission.DUMP" >
81-->[androidx.profileinstaller:profileinstaller:1.3.0] AndroidManifest.xml:39:13-57
82            <intent-filter>
82-->[androidx.profileinstaller:profileinstaller:1.3.0] AndroidManifest.xml:40:13-42:29
83                <action android:name="androidx.profileinstaller.action.INSTALL_PROFILE" />
83-->[androidx.profileinstaller:profileinstaller:1.3.0] AndroidManifest.xml:41:17-91
83-->[androidx.profileinstaller:profileinstaller:1.3.0] AndroidManifest.xml:41:25-88
84            </intent-filter>
85            <intent-filter>
85-->[androidx.profileinstaller:profileinstaller:1.3.0] AndroidManifest.xml:43:13-45:29
86                <action android:name="androidx.profileinstaller.action.SKIP_FILE" />
86-->[androidx.profileinstaller:profileinstaller:1.3.0] AndroidManifest.xml:44:17-85
86-->[androidx.profileinstaller:profileinstaller:1.3.0] AndroidManifest.xml:44:25-82
87            </intent-filter>
88            <intent-filter>
88-->[androidx.profileinstaller:profileinstaller:1.3.0] AndroidManifest.xml:46:13-48:29
89                <action android:name="androidx.profileinstaller.action.SAVE_PROFILE" />
89-->[androidx.profileinstaller:profileinstaller:1.3.0] AndroidManifest.xml:47:17-88
89-->[androidx.profileinstaller:profileinstaller:1.3.0] AndroidManifest.xml:47:25-85
90            </intent-filter>
91            <intent-filter>
91-->[androidx.profileinstaller:profileinstaller:1.3.0] AndroidManifest.xml:49:13-51:29
92                <action android:name="androidx.profileinstaller.action.BENCHMARK_OPERATION" />
92-->[androidx.profileinstaller:profileinstaller:1.3.0] AndroidManifest.xml:50:17-95
92-->[androidx.profileinstaller:profileinstaller:1.3.0] AndroidManifest.xml:50:25-92
93            </intent-filter>
94        </receiver>
95    </application>
96
97</manifest>